<?xml version="1.0" encoding="UTF-8"?>
<!-- Generated by org.testng.reporters.JUnitReportReporter -->
<testsuite hostname="DESKTOP-TK2TP5Q" failures="0" tests="3" name="Selenium.SeleniumFrameworkDesignTests.ErrorValidationTest" time="39.689" errors="0" timestamp="2022-11-14T13:49:28 IST" skipped="0">
  <testcase classname="Selenium.SeleniumFrameworkDesignTests.ErrorValidationTest" name="productValidation" time="10.603"/>
  <system-out/>
  <testcase classname="Selenium.SeleniumFrameworkDesignTests.ErrorValidationTest" name="OrderHistory" time="20.610"/>
  <system-out/>
  <testcase classname="Selenium.SeleniumFrameworkDesignTests.ErrorValidationTest" name="loginValidation" time="8.476"/>
  <system-out/>
</testsuite> <!-- Selenium.SeleniumFrameworkDesignTests.ErrorValidationTest -->
