<?xml version="1.0" encoding="UTF-8"?>
<!-- Generated by org.testng.reporters.JUnitReportReporter -->
<testsuite hostname="DESKTOP-TK2TP5Q" failures="0" tests="1" name="Cucumber.TestNGTestRunner" time="7.483" errors="0" timestamp="2022-11-17T11:17:23 IST" skipped="0">
  <testcase classname="Cucumber.TestNGTestRunner" name="runScenario" time="7.483"/>
  <system-out/>
</testsuite> <!-- Cucumber.TestNGTestRunner -->
