<?xml version="1.0" encoding="UTF-8"?>
<!-- Generated by org.testng.reporters.JUnitReportReporter -->
<testsuite hostname="DESKTOP-TK2TP5Q" failures="0" tests="3" name="Selenium.SeleniumFrameworkDesignTests.SubmitOrderTest" time="34.257" errors="0" timestamp="2022-11-09T14:05:20 IST" skipped="0">
  <testcase classname="Selenium.SeleniumFrameworkDesignTests.SubmitOrderTest" name="submitOrder" time="14.706"/>
  <system-out/>
  <testcase classname="Selenium.SeleniumFrameworkDesignTests.SubmitOrderTest" name="submitOrder" time="14.006"/>
  <system-out/>
  <testcase classname="Selenium.SeleniumFrameworkDesignTests.SubmitOrderTest" name="OrderHistory" time="5.545"/>
  <system-out/>
</testsuite> <!-- Selenium.SeleniumFrameworkDesignTests.SubmitOrderTest -->
