<?xml version="1.0" encoding="UTF-8"?>
<!-- Generated by org.testng.reporters.JUnitReportReporter -->
<testsuite hostname="DESKTOP-TK2TP5Q" failures="0" tests="1" name="Selenium.SeleniumFrameworkDesignTests.Submit" time="23.718" errors="0" timestamp="2022-11-04T21:24:44 IST" skipped="0">
  <testcase classname="Selenium.SeleniumFrameworkDesignTests.Submit" name="Submit" time="23.718"/>
  <system-out/>
</testsuite> <!-- Selenium.SeleniumFrameworkDesignTests.Submit -->
