<?xml version="1.0" encoding="UTF-8"?>
<!-- Generated by org.testng.reporters.JUnitReportReporter -->
<testsuite hostname="DESKTOP-TK2TP5Q" failures="0" tests="3" name="Selenium.SeleniumFrameworkDesignTests.ErrorValidationTest" time="22.893" errors="0" timestamp="2022-11-19T22:48:33 IST" skipped="0">
  <testcase classname="Selenium.SeleniumFrameworkDesignTests.ErrorValidationTest" name="OrderHistory" time="6.034"/>
  <system-out/>
  <testcase classname="Selenium.SeleniumFrameworkDesignTests.ErrorValidationTest" name="loginValidation" time="7.905"/>
  <system-out/>
  <testcase classname="Selenium.SeleniumFrameworkDesignTests.ErrorValidationTest" name="productValidation" time="8.954"/>
  <system-out/>
</testsuite> <!-- Selenium.SeleniumFrameworkDesignTests.ErrorValidationTest -->
