<?xml version="1.0" encoding="UTF-8"?>
<!-- Generated by org.testng.reporters.JUnitReportReporter -->
<testsuite hostname="DESKTOP-TK2TP5Q" failures="0" tests="2" name="Selenium.SeleniumFrameworkDesignTests.SubmitOrderTest" time="31.301" errors="0" timestamp="2022-11-14T23:49:58 IST" skipped="0">
  <testcase classname="Selenium.SeleniumFrameworkDesignTests.SubmitOrderTest" name="submitOrder" time="19.165"/>
  <system-out/>
  <testcase classname="Selenium.SeleniumFrameworkDesignTests.SubmitOrderTest" name="submitOrder" time="12.136"/>
  <system-out/>
</testsuite> <!-- Selenium.SeleniumFrameworkDesignTests.SubmitOrderTest -->
